<?xml version="1.0" encoding="UTF-8"?>
<testng-results ignored="0" total="1" passed="1" failed="0" skipped="0">
  <reporter-output>
  </reporter-output>
  <suite started-at="2026-04-16T15:22:58 IST" name="MasterSuite" finished-at="2026-04-16T15:23:04 IST" duration-ms="5514">
    <groups>
      <group name="Master">
        <method signature="TC001_accountRegistration.accountRegistration()[pri:0, instance:testCases.TC001_accountRegistration@79924b]" name="accountRegistration" class="testCases.TC001_accountRegistration"/>
      </group> <!-- Master -->
      <group name="Regression">
        <method signature="TC001_accountRegistration.accountRegistration()[pri:0, instance:testCases.TC001_accountRegistration@79924b]" name="accountRegistration" class="testCases.TC001_accountRegistration"/>
      </group> <!-- Regression -->
    </groups>
    <test started-at="2026-04-16T15:22:58 IST" name="Test" finished-at="2026-04-16T15:23:04 IST" duration-ms="5514">
      <class name="testCases.TC001_accountRegistration">
        <test-method is-config="true" signature="setUp(java.lang.String,java.lang.String)[pri:0, instance:testCases.TC001_accountRegistration@79924b]" started-at="2026-04-16T15:22:58 IST" name="setUp" finished-at="2026-04-16T15:23:01 IST" duration-ms="2785" status="PASS">
          <params>
            <param index="0">
              <value>
                <![CDATA[windows]]>
              </value>
            </param>
            <param index="1">
              <value>
                <![CDATA[chrome]]>
              </value>
            </param>
          </params>
          <reporter-output>
          </reporter-output>
        </test-method> <!-- setUp -->
        <test-method signature="accountRegistration()[pri:0, instance:testCases.TC001_accountRegistration@79924b]" started-at="2026-04-16T15:23:01 IST" name="accountRegistration" finished-at="2026-04-16T15:23:03 IST" duration-ms="2218" status="PASS">
          <reporter-output>
          </reporter-output>
        </test-method> <!-- accountRegistration -->
        <test-method is-config="true" signature="tearDown()[pri:0, instance:testCases.TC001_accountRegistration@79924b]" started-at="2026-04-16T15:23:03 IST" name="tearDown" finished-at="2026-04-16T15:23:04 IST" duration-ms="266" status="PASS">
          <reporter-output>
          </reporter-output>
        </test-method> <!-- tearDown -->
      </class> <!-- testCases.TC001_accountRegistration -->
    </test> <!-- Test -->
  </suite> <!-- MasterSuite -->
</testng-results>
