<?xml version="1.0" encoding="UTF-8"?>
<testng-results ignored="0" total="1" passed="1" failed="0" skipped="0">
  <reporter-output>
  </reporter-output>
  <suite started-at="2026-02-06T20:00:10 IST" name="Default suite" finished-at="2026-02-06T20:00:10 IST" duration-ms="69">
    <groups>
    </groups>
    <test started-at="2026-02-06T20:00:10 IST" name="Default test" finished-at="2026-02-06T20:00:10 IST" duration-ms="69">
      <class name="testCases.Git_demo">
        <test-method signature="git_test()[pri:0, instance:testCases.Git_demo@408d971b]" started-at="2026-02-06T20:00:10 IST" name="git_test" finished-at="2026-02-06T20:00:10 IST" duration-ms="18" status="PASS">
          <reporter-output>
          </reporter-output>
        </test-method> <!-- git_test -->
      </class> <!-- testCases.Git_demo -->
    </test> <!-- Default test -->
  </suite> <!-- Default suite -->
</testng-results>
