<?xml version="1.0" encoding="UTF-8"?>
<!-- Generated by org.testng.reporters.JUnitXMLReporter -->
<testsuite ignored="0" hostname="Vivek" failures="0" tests="5" name="Test(failed)" time="45.186" errors="0" timestamp="2026-01-23T16:01:03 IST">
  <testcase classname="testCases.TC003_LoginDDT" name="verify_login" time="2.268"/>
  <testcase classname="testCases.TC003_LoginDDT" name="verify_login" time="11.666"/>
  <testcase classname="testCases.TC003_LoginDDT" name="verify_login" time="11.73"/>
  <testcase classname="testCases.TC003_LoginDDT" name="verify_login" time="11.449"/>
  <testcase classname="testCases.TC003_LoginDDT" name="verify_login" time="1.997"/>
</testsuite> <!-- Test(failed) -->
