<?xml version="1.0" encoding="UTF-8"?>
<!-- Generated by org.testng.reporters.JUnitReportReporter -->
<testsuite hostname="Vivek" failures="0" tests="6" name="testCases.TC005_verifyHomePageUI" time="0.262" errors="0" timestamp="2026-01-25T17:34:24 IST" skipped="0">
  <testcase classname="testCases.TC005_verifyHomePageUI" name="verify_isLogoDisplayed" time="0.046"/>
  <testcase classname="testCases.TC005_verifyHomePageUI" name="verify_isCartDisplayed" time="0.043"/>
  <testcase classname="testCases.TC005_verifyHomePageUI" name="verify_isFeaturedProdDisplayded" time="0.045"/>
  <testcase classname="testCases.TC005_verifyHomePageUI" name="verify_isMenubarDisplayed" time="0.050"/>
  <testcase classname="testCases.TC005_verifyHomePageUI" name="verify_homePageTitle" time="0.015"/>
  <testcase classname="testCases.TC005_verifyHomePageUI" name="verify_homePageCurrURL" time="0.063"/>
</testsuite> <!-- testCases.TC005_verifyHomePageUI -->
