<?xml version="1.0" encoding="UTF-8"?>
<!-- Generated by org.testng.reporters.JUnitReportReporter -->
<testsuite hostname="Vivek" failures="0" tests="2" name="testCases.TC004_SearchProduct" time="0.807" errors="0" timestamp="2026-01-24T14:49:48 IST" skipped="0">
  <testcase classname="testCases.TC004_SearchProduct" name="verifyEmpty_Incorrect_Search" time="0.429"/>
  <testcase classname="testCases.TC004_SearchProduct" name="verifyProdSearch" time="0.378"/>
</testsuite> <!-- testCases.TC004_SearchProduct -->
