<?xml version="1.0" encoding="UTF-8"?>
<!-- Generated by org.testng.reporters.JUnitReportReporter -->
<testsuite hostname="Vivek" failures="0" tests="5" name="testCases.TC003_LoginDDT" time="37.401" errors="0" timestamp="2026-01-23T21:04:57 IST" skipped="0">
  <testcase classname="testCases.TC003_LoginDDT" name="verify_loginDD" time="10.738"/>
  <testcase classname="testCases.TC003_LoginDDT" name="verify_loginDD" time="10.848"/>
  <testcase classname="testCases.TC003_LoginDDT" name="verify_loginDD" time="2.237"/>
  <testcase classname="testCases.TC003_LoginDDT" name="verify_loginDD" time="11.455"/>
  <testcase classname="testCases.TC003_LoginDDT" name="verify_loginDD" time="2.123"/>
</testsuite> <!-- testCases.TC003_LoginDDT -->
