<?xml version="1.0" encoding="UTF-8"?>
<!-- Generated by org.testng.reporters.JUnitXMLReporter -->
<testsuite ignored="0" hostname="Vivek" failures="1" tests="3" name="Test" time="14.973" errors="0" timestamp="2026-01-25T18:20:12 IST">
  <testcase classname="testCases.TC004_SearchFunctionality" name="verifyEmpty_Incorrect_Search" time="0.438"/>
  <testcase classname="testCases.TC004_SearchFunctionality" name="verifyProdSearch" time="0.502"/>
  <testcase classname="testCases.TC004_SearchFunctionality" name="verifyProdSearchName" time="10.491">
    <failure type="java.lang.AssertionError" message="No product found with the seach criteria expected [false] but found [true]">
      <![CDATA[java.lang.AssertionError: No product found with the seach criteria expected [false] but found [true]
at testCases.TC004_SearchFunctionality.verifyProdSearchName(TC004_SearchFunctionality.java:62)
at java.base/java.util.ArrayList.forEach(ArrayList.java:1597)
... Removed 28 stack frames]]>
    </failure>
  </testcase> <!-- verifyProdSearchName -->
</testsuite> <!-- Test -->
